<?xml version="1.0" encoding="UTF-8"?>
<testng-results skipped="0" failed="0" total="1" passed="1">
  <reporter-output>
  </reporter-output>
  <suite name="Default suite" duration-ms="3720" started-at="2016-11-18T02:27:29Z" finished-at="2016-11-18T02:27:33Z">
    <groups>
    </groups>
    <test name="Default test" duration-ms="3720" started-at="2016-11-18T02:27:29Z" finished-at="2016-11-18T02:27:33Z">
      <class name="example.tescoba">
        <test-method status="PASS" signature="f()[pri:0, instance:example.tescoba@10959ece]" name="f" duration-ms="3699" started-at="2016-11-17T18:27:29Z" finished-at="2016-11-17T18:27:33Z">
          <reporter-output>
          </reporter-output>
        </test-method> <!-- f -->
      </class> <!-- example.tescoba -->
    </test> <!-- Default test -->
  </suite> <!-- Default suite -->
</testng-results>
